<?xml version="1.0" encoding="UTF-8"?>
<testsuite name="com.educative.test.actions.TestDragAndDrop" tests="1" skipped="0" failures="0" errors="0" timestamp="2021-10-27T08:12:17" hostname="Akash-Gupta.local" time="27.008">
  <properties/>
  <testcase name="testDragAndDrop" classname="com.educative.test.actions.TestDragAndDrop" time="27.008"/>
  <system-out><![CDATA[13:42:44.979 INFO  c.educative.webdriver.DriverManager - removing webdriver ChromeDriver: chrome on MAC (ea7084eb48ff2c36154db8c5a5f737d8) - (DriverManager.java:26) 
]]></system-out>
  <system-err><![CDATA[]]></system-err>
</testsuite>
