<?xml version="1.0" encoding="UTF-8"?>
<testsuite name="com.educative.test.actions.TestMouseOver" tests="1" skipped="0" failures="0" errors="0" timestamp="2021-10-27T08:12:17" hostname="Akash-Gupta.local" time="19.008">
  <properties/>
  <testcase name="testMouseOver" classname="com.educative.test.actions.TestMouseOver" time="19.008"/>
  <system-out><![CDATA[13:42:36.915 INFO  c.educative.webdriver.DriverManager - removing webdriver ChromeDriver: chrome on MAC (40024df6ed1408b1d68980c0b9908cd9) - (DriverManager.java:26) 
]]></system-out>
  <system-err><![CDATA[]]></system-err>
</testsuite>
