<?xml version="1.0" encoding="UTF-8"?>
<testsuite name="com.educative.test.actions.TestRightClick" tests="1" skipped="0" failures="0" errors="0" timestamp="2021-10-27T08:12:46" hostname="Akash-Gupta.local" time="9.06">
  <properties/>
  <testcase name="testRightClick" classname="com.educative.test.actions.TestRightClick" time="9.06"/>
  <system-out><![CDATA[13:42:32.493 INFO  i.g.bonigarcia.wdm.WebDriverManager - Using chromedriver 95.0.4638.17 (since Google Chrome 95 is installed in your machine) - (WebDriverManager.java:600) 
13:42:32.496 INFO  i.g.bonigarcia.wdm.WebDriverManager - Exporting webdriver.chrome.driver as /Users/akashgupta/.m2/repository/webdriver/chromedriver/mac64/95.0.4638.17/chromedriver - (WebDriverManager.java:1078) 
13:42:46.303 INFO  c.educative.webdriver.DriverFactory - creating webdriver ChromeDriver: chrome on MAC (bdb3a457723eb9d99d5aff738f03472f) - (DriverFactory.java:73) 
13:42:55.274 INFO  c.educative.webdriver.DriverManager - removing webdriver ChromeDriver: chrome on MAC (b59c6585702a870afe08fa4069d0200d) - (DriverManager.java:26) 
]]></system-out>
  <system-err><![CDATA[Starting ChromeDriver 95.0.4638.17 (a9d0719444d4b035e284ed1fce73bf6ccd789df2-refs/branch-heads/4638@{#178}) on port 17531
Only local connections are allowed.
Please see https://chromedriver.chromium.org/security-considerations for suggestions on keeping ChromeDriver safe.
ChromeDriver was started successfully.
]]></system-err>
</testsuite>
