<?xml version="1.0" encoding="UTF-8"?>
<testsuite name="com.educative.test.actions.TestConfirm" tests="1" skipped="0" failures="0" errors="0" timestamp="2021-10-27T08:12:17" hostname="Akash-Gupta.local" time="23.656">
  <properties/>
  <testcase name="testConfirm" classname="com.educative.test.actions.TestConfirm" time="23.656"/>
  <system-out><![CDATA[13:42:41.609 INFO  c.educative.webdriver.DriverManager - removing webdriver ChromeDriver: chrome on MAC (fd3bed176c792548e79880045e1e4b06) - (DriverManager.java:26) 
]]></system-out>
  <system-err><![CDATA[]]></system-err>
</testsuite>
