<?xml version="1.0" encoding="UTF-8"?>
<testsuite name="com.educative.test.actions.TestDropDown" tests="2" skipped="0" failures="0" errors="0" timestamp="2021-10-27T08:12:17" hostname="Akash-Gupta.local" time="45.648">
  <properties/>
  <testcase name="testDropDownDeSelect" classname="com.educative.test.actions.TestDropDown" time="32.484"/>
  <testcase name="testDropDownSelect" classname="com.educative.test.actions.TestDropDown" time="11.633"/>
  <system-out><![CDATA[13:42:50.385 INFO  c.educative.webdriver.DriverManager - removing webdriver ChromeDriver: chrome on MAC (58737897c2ee6da7ca40373f827ae020) - (DriverManager.java:26) 
13:42:50.490 INFO  i.g.bonigarcia.wdm.WebDriverManager - Using chromedriver 95.0.4638.17 (since Google Chrome 95 is installed in your machine) - (WebDriverManager.java:600) 
13:42:50.495 INFO  i.g.bonigarcia.wdm.WebDriverManager - Exporting webdriver.chrome.driver as /Users/akashgupta/.m2/repository/webdriver/chromedriver/mac64/95.0.4638.17/chromedriver - (WebDriverManager.java:1078) 
13:42:51.914 INFO  c.educative.webdriver.DriverFactory - creating webdriver ChromeDriver: chrome on MAC (f1727200cb1d0807175910e5ec1b2832) - (DriverFactory.java:73) 
13:42:52.109 INFO  com.educative.pages.AbstractBasePage - searching query 'educative' - (GoogleSearch.java:24) 
13:43:03.550 INFO  c.educative.webdriver.DriverManager - removing webdriver ChromeDriver: chrome on MAC (f1727200cb1d0807175910e5ec1b2832) - (DriverManager.java:26) 
]]></system-out>
  <system-err><![CDATA[Starting ChromeDriver 95.0.4638.17 (a9d0719444d4b035e284ed1fce73bf6ccd789df2-refs/branch-heads/4638@{#178}) on port 4300
Only local connections are allowed.
Please see https://chromedriver.chromium.org/security-considerations for suggestions on keeping ChromeDriver safe.
ChromeDriver was started successfully.
Oct 27, 2021 1:42:51 PM org.openqa.selenium.remote.ProtocolHandshake createSession
INFO: Detected dialect: W3C
]]></system-err>
</testsuite>
